<?xml version="1.0" encoding="UTF-8"?>
<!-- Generated by org.testng.reporters.JUnitXMLReporter -->
<testsuite ignored="0" hostname="Akshay" failures="0" tests="4" name="Test" time="9.369" errors="0" timestamp="2024-01-08T19:41:44 IST">
  <testcase classname="DemoShoppingApp.Tests.LoginTests" name="loginTestPositive" time="0.287"/>
  <testcase classname="DemoShoppingApp.Tests.LoginTests" name="loginTest_locked_user" time="0.223"/>
  <testcase classname="DemoShoppingApp.Tests.LoginTests" name="loginTest_wrongCredentials" time="0.214"/>
  <testcase classname="DemoShoppingApp.Tests.Test2" name="endToEndTesting" time="0.792"/>
</testsuite> <!-- Test -->
