<?xml version="1.0" encoding="UTF-8"?>
<!-- Generated by org.testng.reporters.JUnitXMLReporter -->
<testsuite ignored="0" hostname="Akshay" failures="0" tests="3" name="Test" time="9.004" errors="0" timestamp="2024-01-08T11:22:38 IST">
  <testcase classname="DemoShoppingApp.Tests.LoginTests" name="loginTestPositive" time="0.265"/>
  <testcase classname="DemoShoppingApp.Tests.LoginTests" name="loginTest_locked_user" time="0.22"/>
  <testcase classname="DemoShoppingApp.Tests.LoginTests" name="loginTest_wrongCredentials" time="0.198"/>
</testsuite> <!-- Test -->
