<?xml version="1.0" encoding="UTF-8"?>
<testng-results ignored="0" total="3" passed="3" failed="0" skipped="0">
  <reporter-output>
  </reporter-output>
  <suite started-at="2024-01-08T11:22:29 IST" name="Suite" finished-at="2024-01-08T11:22:38 IST" duration-ms="9004">
    <groups>
    </groups>
    <test started-at="2024-01-08T11:22:29 IST" name="Test" finished-at="2024-01-08T11:22:38 IST" duration-ms="9004">
      <class name="DemoShoppingApp.Tests.LoginTests">
        <test-method is-config="true" signature="launchApplication(java.lang.String)[pri:0, instance:DemoShoppingApp.Tests.LoginTests@5c30a9b0]" started-at="2024-01-08T11:22:29 IST" name="launchApplication" finished-at="2024-01-08T11:22:34 IST" duration-ms="4571" status="PASS">
          <params>
            <param index="0">
              <value>
                <![CDATA[https://www.saucedemo.com/]]>
              </value>
            </param>
          </params>
          <reporter-output>
          </reporter-output>
        </test-method> <!-- launchApplication -->
        <test-method signature="loginTestPositive()[pri:0, instance:DemoShoppingApp.Tests.LoginTests@5c30a9b0]" started-at="2024-01-08T11:22:34 IST" name="loginTestPositive" finished-at="2024-01-08T11:22:34 IST" duration-ms="265" status="PASS">
          <reporter-output>
          </reporter-output>
        </test-method> <!-- loginTestPositive -->
        <test-method is-config="true" signature="teardown()[pri:0, instance:DemoShoppingApp.Tests.LoginTests@5c30a9b0]" started-at="2024-01-08T11:22:34 IST" name="teardown" finished-at="2024-01-08T11:22:34 IST" duration-ms="117" status="PASS">
          <reporter-output>
          </reporter-output>
        </test-method> <!-- teardown -->
        <test-method is-config="true" signature="launchApplication(java.lang.String)[pri:0, instance:DemoShoppingApp.Tests.LoginTests@5c30a9b0]" started-at="2024-01-08T11:22:34 IST" name="launchApplication" finished-at="2024-01-08T11:22:36 IST" duration-ms="1689" status="PASS">
          <params>
            <param index="0">
              <value>
                <![CDATA[https://www.saucedemo.com/]]>
              </value>
            </param>
          </params>
          <reporter-output>
          </reporter-output>
        </test-method> <!-- launchApplication -->
        <test-method signature="loginTest_locked_user()[pri:0, instance:DemoShoppingApp.Tests.LoginTests@5c30a9b0]" started-at="2024-01-08T11:22:36 IST" name="loginTest_locked_user" finished-at="2024-01-08T11:22:36 IST" duration-ms="220" status="PASS">
          <reporter-output>
          </reporter-output>
        </test-method> <!-- loginTest_locked_user -->
        <test-method is-config="true" signature="teardown()[pri:0, instance:DemoShoppingApp.Tests.LoginTests@5c30a9b0]" started-at="2024-01-08T11:22:36 IST" name="teardown" finished-at="2024-01-08T11:22:36 IST" duration-ms="90" status="PASS">
          <reporter-output>
          </reporter-output>
        </test-method> <!-- teardown -->
        <test-method is-config="true" signature="launchApplication(java.lang.String)[pri:0, instance:DemoShoppingApp.Tests.LoginTests@5c30a9b0]" started-at="2024-01-08T11:22:36 IST" name="launchApplication" finished-at="2024-01-08T11:22:38 IST" duration-ms="1564" status="PASS">
          <params>
            <param index="0">
              <value>
                <![CDATA[https://www.saucedemo.com/]]>
              </value>
            </param>
          </params>
          <reporter-output>
          </reporter-output>
        </test-method> <!-- launchApplication -->
        <test-method signature="loginTest_wrongCredentials()[pri:0, instance:DemoShoppingApp.Tests.LoginTests@5c30a9b0]" started-at="2024-01-08T11:22:38 IST" name="loginTest_wrongCredentials" finished-at="2024-01-08T11:22:38 IST" duration-ms="198" status="PASS">
          <reporter-output>
          </reporter-output>
        </test-method> <!-- loginTest_wrongCredentials -->
        <test-method is-config="true" signature="teardown()[pri:0, instance:DemoShoppingApp.Tests.LoginTests@5c30a9b0]" started-at="2024-01-08T11:22:38 IST" name="teardown" finished-at="2024-01-08T11:22:38 IST" duration-ms="107" status="PASS">
          <reporter-output>
          </reporter-output>
        </test-method> <!-- teardown -->
      </class> <!-- DemoShoppingApp.Tests.LoginTests -->
    </test> <!-- Test -->
  </suite> <!-- Suite -->
</testng-results>
