<?xml version="1.0" encoding="UTF-8"?>
<testng-results ignored="0" total="3" passed="3" failed="0" skipped="0">
  <reporter-output>
  </reporter-output>
  <suite started-at="2024-01-05T17:14:33 IST" name="Suite" finished-at="2024-01-05T17:14:39 IST" duration-ms="5869">
    <groups>
    </groups>
    <test started-at="2024-01-05T17:14:33 IST" name="Test" finished-at="2024-01-05T17:14:39 IST" duration-ms="5869">
      <class name="DemoShoppingApp.Tests.LoginTests">
        <test-method is-config="true" signature="launchApplication(java.lang.String)[pri:0, instance:DemoShoppingApp.Tests.LoginTests@1623b78d]" started-at="2024-01-05T17:14:33 IST" name="launchApplication" finished-at="2024-01-05T17:14:35 IST" duration-ms="1981" status="PASS">
          <params>
            <param index="0">
              <value>
                <![CDATA[https://www.saucedemo.com/]]>
              </value>
            </param>
          </params>
          <reporter-output>
          </reporter-output>
        </test-method> <!-- launchApplication -->
        <test-method signature="loginTestPositive()[pri:0, instance:DemoShoppingApp.Tests.LoginTests@1623b78d]" started-at="2024-01-05T17:14:35 IST" name="loginTestPositive" finished-at="2024-01-05T17:14:36 IST" duration-ms="230" status="PASS">
          <reporter-output>
          </reporter-output>
        </test-method> <!-- loginTestPositive -->
        <test-method is-config="true" signature="teardown()[pri:0, instance:DemoShoppingApp.Tests.LoginTests@1623b78d]" started-at="2024-01-05T17:14:36 IST" name="teardown" finished-at="2024-01-05T17:14:36 IST" duration-ms="118" status="PASS">
          <reporter-output>
          </reporter-output>
        </test-method> <!-- teardown -->
        <test-method is-config="true" signature="launchApplication(java.lang.String)[pri:0, instance:DemoShoppingApp.Tests.LoginTests@1623b78d]" started-at="2024-01-05T17:14:36 IST" name="launchApplication" finished-at="2024-01-05T17:14:37 IST" duration-ms="1367" status="PASS">
          <params>
            <param index="0">
              <value>
                <![CDATA[https://www.saucedemo.com/]]>
              </value>
            </param>
          </params>
          <reporter-output>
          </reporter-output>
        </test-method> <!-- launchApplication -->
        <test-method signature="loginTest_locked_user()[pri:0, instance:DemoShoppingApp.Tests.LoginTests@1623b78d]" started-at="2024-01-05T17:14:37 IST" name="loginTest_locked_user" finished-at="2024-01-05T17:14:37 IST" duration-ms="172" status="PASS">
          <reporter-output>
          </reporter-output>
        </test-method> <!-- loginTest_locked_user -->
        <test-method is-config="true" signature="teardown()[pri:0, instance:DemoShoppingApp.Tests.LoginTests@1623b78d]" started-at="2024-01-05T17:14:37 IST" name="teardown" finished-at="2024-01-05T17:14:37 IST" duration-ms="93" status="PASS">
          <reporter-output>
          </reporter-output>
        </test-method> <!-- teardown -->
        <test-method is-config="true" signature="launchApplication(java.lang.String)[pri:0, instance:DemoShoppingApp.Tests.LoginTests@1623b78d]" started-at="2024-01-05T17:14:37 IST" name="launchApplication" finished-at="2024-01-05T17:14:39 IST" duration-ms="1432" status="PASS">
          <params>
            <param index="0">
              <value>
                <![CDATA[https://www.saucedemo.com/]]>
              </value>
            </param>
          </params>
          <reporter-output>
          </reporter-output>
        </test-method> <!-- launchApplication -->
        <test-method signature="loginTest_wrongCredentials()[pri:0, instance:DemoShoppingApp.Tests.LoginTests@1623b78d]" started-at="2024-01-05T17:14:39 IST" name="loginTest_wrongCredentials" finished-at="2024-01-05T17:14:39 IST" duration-ms="172" status="PASS">
          <reporter-output>
          </reporter-output>
        </test-method> <!-- loginTest_wrongCredentials -->
        <test-method is-config="true" signature="teardown()[pri:0, instance:DemoShoppingApp.Tests.LoginTests@1623b78d]" started-at="2024-01-05T17:14:39 IST" name="teardown" finished-at="2024-01-05T17:14:39 IST" duration-ms="97" status="PASS">
          <reporter-output>
          </reporter-output>
        </test-method> <!-- teardown -->
      </class> <!-- DemoShoppingApp.Tests.LoginTests -->
    </test> <!-- Test -->
  </suite> <!-- Suite -->
</testng-results>
